<?xml version="1.0" encoding="UTF-8"?>
<!-- Generated by org.testng.reporters.JUnitXMLReporter -->
<testsuite hostname="Kunals-MacBook-Air.local" ignored="0" name="Default test" tests="3" failures="0" timestamp="17 May 2020 18:21:36 GMT" time="7.7" errors="0">
  <testcase name="screenshotCompletePage" time="0.496" classname="Selenium4.TakingScreenshots"/>
  <testcase name="screenshotOfElement" time="0.33" classname="Selenium4.TakingScreenshots"/>
  <testcase name="screenshotOfSection" time="0.666" classname="Selenium4.TakingScreenshots"/>
</testsuite> <!-- Default test -->
