<?xml version="1.0" encoding="UTF-8"?>
<!-- Generated by org.testng.reporters.JUnitXMLReporter -->
<testsuite hostname="Kunals-MacBook-Air.local" ignored="0" name="Test" tests="6" failures="0" timestamp="17 May 2020 19:51:05 GMT" time="16.439" errors="0">
  <testcase name="captureScreenshot" time="3.943" classname="Selenium4.WebElementScreenshot"/>
  <testcase name="screenshotCompletePage" time="0.51" classname="Selenium4.TakingScreenshots"/>
  <testcase name="screenshotOfElement" time="0.314" classname="Selenium4.TakingScreenshots"/>
  <testcase name="screenshotOfSection" time="0.563" classname="Selenium4.TakingScreenshots"/>
  <testcase name="Test1" time="0.112" classname="Selenium4.RelativeLocators"/>
  <testcase name="Test2" time="0.051" classname="Selenium4.RelativeLocators"/>
</testsuite> <!-- Test -->
