<?xml version="1.0" encoding="UTF-8"?>
<testng-results skipped="0" failed="0" ignored="0" total="3" passed="3">
  <reporter-output>
  </reporter-output>
  <suite name="Default suite" duration-ms="7700" started-at="2020-05-17T18:21:29Z" finished-at="2020-05-17T18:21:36Z">
    <groups>
    </groups>
    <test name="Default test" duration-ms="7700" started-at="2020-05-17T18:21:29Z" finished-at="2020-05-17T18:21:36Z">
      <class name="Selenium4.TakingScreenshots">
        <test-method status="PASS" signature="setup()[pri:0, instance:Selenium4.TakingScreenshots@6e1567f1]" name="setup" is-config="true" duration-ms="5984" started-at="2020-05-17T18:21:29Z" finished-at="2020-05-17T18:21:35Z">
          <reporter-output>
          </reporter-output>
        </test-method> <!-- setup -->
        <test-method status="PASS" signature="screenshotCompletePage()[pri:0, instance:Selenium4.TakingScreenshots@6e1567f1]" name="screenshotCompletePage" duration-ms="496" started-at="2020-05-17T18:21:35Z" description="screenshot of complete webpage" finished-at="2020-05-17T18:21:35Z">
          <reporter-output>
          </reporter-output>
        </test-method> <!-- screenshotCompletePage -->
        <test-method status="PASS" signature="screenshotOfElement()[pri:0, instance:Selenium4.TakingScreenshots@6e1567f1]" name="screenshotOfElement" duration-ms="330" started-at="2020-05-17T18:21:35Z" description="screenshot of a element" finished-at="2020-05-17T18:21:35Z">
          <reporter-output>
          </reporter-output>
        </test-method> <!-- screenshotOfElement -->
        <test-method status="PASS" signature="screenshotOfSection()[pri:0, instance:Selenium4.TakingScreenshots@6e1567f1]" name="screenshotOfSection" duration-ms="666" started-at="2020-05-17T18:21:35Z" description="screenshot of a section" finished-at="2020-05-17T18:21:36Z">
          <reporter-output>
          </reporter-output>
        </test-method> <!-- screenshotOfSection -->
        <test-method status="PASS" signature="teardown()[pri:0, instance:Selenium4.TakingScreenshots@6e1567f1]" name="teardown" is-config="true" duration-ms="182" started-at="2020-05-17T18:21:36Z" finished-at="2020-05-17T18:21:36Z">
          <reporter-output>
          </reporter-output>
        </test-method> <!-- teardown -->
      </class> <!-- Selenium4.TakingScreenshots -->
    </test> <!-- Default test -->
  </suite> <!-- Default suite -->
</testng-results>
